<?xml version="1.0" encoding="UTF-8"?>
<!-- Generated by org.testng.reporters.JUnitXMLReporter -->
<testsuite ignored="0" hostname="DESKTOP-TJ88L6B" failures="0" tests="6" name="Default test" time="25.53" errors="0" timestamp="2026-02-01T20:26:49 IST">
  <testcase classname="com.API.TestCases.UserTestDD" name="testCreateUser" time="8.589"/>
  <testcase classname="com.API.TestCases.UserTestDD" name="testCreateUser" time="1.986"/>
  <testcase classname="com.API.TestCases.UserTestDD" name="testCreateUser" time="1.42"/>
  <testcase classname="com.API.TestCases.UserTestDD" name="testDeleteUser" time="3.385"/>
  <testcase classname="com.API.TestCases.UserTestDD" name="testDeleteUser" time="3.144"/>
  <testcase classname="com.API.TestCases.UserTestDD" name="testDeleteUser" time="3.682"/>
</testsuite> <!-- Default test -->
