<?xml version="1.0" encoding="UTF-8"?>
<!-- Generated by org.testng.reporters.JUnitXMLReporter -->
<testsuite ignored="0" hostname="DESKTOP-TJ88L6B" failures="0" tests="10" name="Test" time="26.53" errors="0" timestamp="2026-02-01T22:22:37 IST">
  <testcase classname="com.API.TestCases.UserTestDD" name="testCreateUser" time="5.131"/>
  <testcase classname="com.API.TestCases.UserTestDD" name="testCreateUser" time="1.791"/>
  <testcase classname="com.API.TestCases.UserTestDD" name="testCreateUser" time="1.725"/>
  <testcase classname="com.API.TestCases.UserTestDD" name="testDeleteUser" time="1.573"/>
  <testcase classname="com.API.TestCases.UserTestDD" name="testDeleteUser" time="1.711"/>
  <testcase classname="com.API.TestCases.UserTestDD" name="testDeleteUser" time="1.864"/>
  <testcase classname="com.API.TestCases.UserTest" name="testCreatUser" time="1.784"/>
  <testcase classname="com.API.TestCases.UserTest" name="testGetUserData" time="1.911"/>
  <testcase classname="com.API.TestCases.UserTest" name="testUpdateUser" time="3.827"/>
  <testcase classname="com.API.TestCases.UserTest" name="testDeleteUser" time="1.911"/>
</testsuite> <!-- Test -->
