<?xml version="1.0" encoding="UTF-8"?>
<!-- Generated by org.testng.reporters.JUnitXMLReporter -->
<testsuite ignored="0" hostname="DESKTOP-TJ88L6B" failures="0" tests="10" name="Test" time="46.689" errors="0" timestamp="2026-02-01T22:44:28 IST">
  <testcase classname="com.API.TestCases.UserTestDD" name="testCreateUser" time="4.119"/>
  <testcase classname="com.API.TestCases.UserTestDD" name="testCreateUser" time="2.301"/>
  <testcase classname="com.API.TestCases.UserTestDD" name="testCreateUser" time="2.066"/>
  <testcase classname="com.API.TestCases.UserTestDD" name="testDeleteUser" time="2.125"/>
  <testcase classname="com.API.TestCases.UserTestDD" name="testDeleteUser" time="22.725"/>
  <testcase classname="com.API.TestCases.UserTestDD" name="testDeleteUser" time="1.75"/>
  <testcase classname="com.API.TestCases.UserTest" name="testCreatUser" time="1.572"/>
  <testcase classname="com.API.TestCases.UserTest" name="testGetUserData" time="2.111"/>
  <testcase classname="com.API.TestCases.UserTest" name="testUpdateUser" time="3.805"/>
  <testcase classname="com.API.TestCases.UserTest" name="testDeleteUser" time="2.078"/>
</testsuite> <!-- Test -->
