<?xml version="1.0" encoding="UTF-8"?>
<testsuite xmlns:xsi="http://www.w3.org/2001/XMLSchema-instance" xsi:noNamespaceSchemaLocation="https://maven.apache.org/surefire/maven-surefire-plugin/xsd/surefire-test-report-3.0.xsd" version="3.0" name="TestSuite" time="47.902" tests="10" errors="0" skipped="0" failures="0">
  <properties>
[...]
</properties>
  <testcase name="testCreateUser[, user1, Rita, Gupta, a@gmail.com, test@1, 1234567897](1)" classname="com.API.TestCases.UserTestDD" time="4.147">
    <system-out><![CDATA[[DEBUG] 2026-02-01 22:43:41.305 [main] TestNG - suiteXmlPath: "C:\Users\DELL\eclipse-workspace\RestAssuredAutomationFramework\testng.xml"
On Start method invoked....
[DEBUG] 2026-02-01 22:43:41.935 [main] PackageRelationshipCollection - Parsing relationship: /xl/_rels/workbook.xml.rels
[DEBUG] 2026-02-01 22:43:41.937 [main] PackageRelationshipCollection - Parsing relationship: /_rels/.rels
[DEBUG] 2026-02-01 22:43:42.408 [main] PackageRelationshipCollection - Parsing relationship: /xl/_rels/workbook.xml.rels
[DEBUG] 2026-02-01 22:43:42.410 [main] PackageRelationshipCollection - Parsing relationship: /_rels/.rels
[DEBUG] 2026-02-01 22:43:42.458 [main] PackageRelationshipCollection - Parsing relationship: /xl/_rels/workbook.xml.rels
[DEBUG] 2026-02-01 22:43:42.459 [main] PackageRelationshipCollection - Parsing relationship: /_rels/.rels
[DEBUG] 2026-02-01 22:43:42.494 [main] PackageRelationshipCollection - Parsing relationship: /xl/_rels/workbook.xml.rels
[DEBUG] 2026-02-01 22:43:42.496 [main] PackageRelationshipCollection - Parsing relationship: /_rels/.rels
[DEBUG] 2026-02-01 22:43:42.525 [main] PackageRelationshipCollection - Parsing relationship: /xl/_rels/workbook.xml.rels
[DEBUG] 2026-02-01 22:43:42.526 [main] PackageRelationshipCollection - Parsing relationship: /_rels/.rels
[DEBUG] 2026-02-01 22:43:42.579 [main] PackageRelationshipCollection - Parsing relationship: /xl/_rels/workbook.xml.rels
[DEBUG] 2026-02-01 22:43:42.580 [main] PackageRelationshipCollection - Parsing relationship: /_rels/.rels
[DEBUG] 2026-02-01 22:43:42.606 [main] PackageRelationshipCollection - Parsing relationship: /xl/_rels/workbook.xml.rels
[DEBUG] 2026-02-01 22:43:42.609 [main] PackageRelationshipCollection - Parsing relationship: /_rels/.rels
[DEBUG] 2026-02-01 22:43:42.630 [main] PackageRelationshipCollection - Parsing relationship: /xl/_rels/workbook.xml.rels
[DEBUG] 2026-02-01 22:43:42.631 [main] PackageRelationshipCollection - Parsing relationship: /_rels/.rels
[DEBUG] 2026-02-01 22:43:42.650 [main] PackageRelationshipCollection - Parsing relationship: /xl/_rels/workbook.xml.rels
[DEBUG] 2026-02-01 22:43:42.651 [main] PackageRelationshipCollection - Parsing relationship: /_rels/.rels
[DEBUG] 2026-02-01 22:43:42.686 [main] PackageRelationshipCollection - Parsing relationship: /xl/_rels/workbook.xml.rels
[DEBUG] 2026-02-01 22:43:42.686 [main] PackageRelationshipCollection - Parsing relationship: /_rels/.rels
[DEBUG] 2026-02-01 22:43:42.717 [main] PackageRelationshipCollection - Parsing relationship: /xl/_rels/workbook.xml.rels
[DEBUG] 2026-02-01 22:43:42.726 [main] PackageRelationshipCollection - Parsing relationship: /_rels/.rels
[DEBUG] 2026-02-01 22:43:42.745 [main] PackageRelationshipCollection - Parsing relationship: /xl/_rels/workbook.xml.rels
[DEBUG] 2026-02-01 22:43:42.746 [main] PackageRelationshipCollection - Parsing relationship: /_rels/.rels
[DEBUG] 2026-02-01 22:43:42.780 [main] PackageRelationshipCollection - Parsing relationship: /xl/_rels/workbook.xml.rels
[DEBUG] 2026-02-01 22:43:42.784 [main] PackageRelationshipCollection - Parsing relationship: /_rels/.rels
[DEBUG] 2026-02-01 22:43:42.810 [main] PackageRelationshipCollection - Parsing relationship: /xl/_rels/workbook.xml.rels
[DEBUG] 2026-02-01 22:43:42.811 [main] PackageRelationshipCollection - Parsing relationship: /_rels/.rels
[DEBUG] 2026-02-01 22:43:42.836 [main] PackageRelationshipCollection - Parsing relationship: /xl/_rels/workbook.xml.rels
[DEBUG] 2026-02-01 22:43:42.837 [main] PackageRelationshipCollection - Parsing relationship: /_rels/.rels
[DEBUG] 2026-02-01 22:43:42.854 [main] PackageRelationshipCollection - Parsing relationship: /xl/_rels/workbook.xml.rels
[DEBUG] 2026-02-01 22:43:42.855 [main] PackageRelationshipCollection - Parsing relationship: /_rels/.rels
[DEBUG] 2026-02-01 22:43:42.872 [main] PackageRelationshipCollection - Parsing relationship: /xl/_rels/workbook.xml.rels
[DEBUG] 2026-02-01 22:43:42.873 [main] PackageRelationshipCollection - Parsing relationship: /_rels/.rels
[DEBUG] 2026-02-01 22:43:43.069 [main] PackageRelationshipCollection - Parsing relationship: /xl/_rels/workbook.xml.rels
[DEBUG] 2026-02-01 22:43:43.071 [main] PackageRelationshipCollection - Parsing relationship: /_rels/.rels
[DEBUG] 2026-02-01 22:43:43.088 [main] PackageRelationshipCollection - Parsing relationship: /xl/_rels/workbook.xml.rels
[DEBUG] 2026-02-01 22:43:43.089 [main] PackageRelationshipCollection - Parsing relationship: /_rels/.rels
[DEBUG] 2026-02-01 22:43:43.121 [main] PackageRelationshipCollection - Parsing relationship: /xl/_rels/workbook.xml.rels
[DEBUG] 2026-02-01 22:43:43.122 [main] PackageRelationshipCollection - Parsing relationship: /_rels/.rels
[DEBUG] 2026-02-01 22:43:43.141 [main] PackageRelationshipCollection - Parsing relationship: /xl/_rels/workbook.xml.rels
[DEBUG] 2026-02-01 22:43:43.142 [main] PackageRelationshipCollection - Parsing relationship: /_rels/.rels
[DEBUG] 2026-02-01 22:43:43.159 [main] PackageRelationshipCollection - Parsing relationship: /xl/_rels/workbook.xml.rels
[DEBUG] 2026-02-01 22:43:43.160 [main] PackageRelationshipCollection - Parsing relationship: /_rels/.rels
[DEBUG] 2026-02-01 22:43:43.178 [main] PackageRelationshipCollection - Parsing relationship: /xl/_rels/workbook.xml.rels
[DEBUG] 2026-02-01 22:43:43.179 [main] PackageRelationshipCollection - Parsing relationship: /_rels/.rels
Name of test method started:testCreateUser
HTTP/1.1 200 OK
Date: Sun, 01 Feb 2026 17:13:47 GMT
Content-Type: application/json
Transfer-Encoding: chunked
Connection: keep-alive
Access-Control-Allow-Origin: *
Access-Control-Allow-Methods: GET, POST, DELETE, PUT
Access-Control-Allow-Headers: Content-Type, api_key, Authorization
Server: Jetty(9.2.9.v20150224)

{
    "code": 200,
    "type": "unknown",
    "message": "9222968140497768714"
}
[INFO ] 2026-02-01 22:43:47.331 [main] RestAssuredAutomationFramework - testCreateUser user excuted
Name of test method sucessfully executed:testCreateUser
]]></system-out>
  </testcase>
  <testcase name="testCreateUser[, user2, Radha, Jain, b@gmail.com, test@2, 1234567897](2)" classname="com.API.TestCases.UserTestDD" time="2.262">
    <system-out><![CDATA[Name of test method started:testCreateUser
HTTP/1.1 200 OK
Date: Sun, 01 Feb 2026 17:13:49 GMT
Content-Type: application/json
Transfer-Encoding: chunked
Connection: keep-alive
Access-Control-Allow-Origin: *
Access-Control-Allow-Methods: GET, POST, DELETE, PUT
Access-Control-Allow-Headers: Content-Type, api_key, Authorization
Server: Jetty(9.2.9.v20150224)

{
    "code": 200,
    "type": "unknown",
    "message": "9222968140497768815"
}
[INFO ] 2026-02-01 22:43:49.661 [main] RestAssuredAutomationFramework - testCreateUser user excuted
Name of test method sucessfully executed:testCreateUser
]]></system-out>
  </testcase>
  <testcase name="testCreateUser[, user3, Smita, Pathak, c@gmail.com, test@3, 1234567897](3)" classname="com.API.TestCases.UserTestDD" time="2.06">
    <system-out><![CDATA[Name of test method started:testCreateUser
HTTP/1.1 200 OK
Date: Sun, 01 Feb 2026 17:13:51 GMT
Content-Type: application/json
Transfer-Encoding: chunked
Connection: keep-alive
Access-Control-Allow-Origin: *
Access-Control-Allow-Methods: GET, POST, DELETE, PUT
Access-Control-Allow-Headers: Content-Type, api_key, Authorization
Server: Jetty(9.2.9.v20150224)

{
    "code": 200,
    "type": "unknown",
    "message": "9222968140497768886"
}
[INFO ] 2026-02-01 22:43:51.729 [main] RestAssuredAutomationFramework - testCreateUser user excuted
Name of test method sucessfully executed:testCreateUser
]]></system-out>
  </testcase>
  <testcase name="testDeleteUser[user1](1)" classname="com.API.TestCases.UserTestDD" time="2.123">
    <system-out><![CDATA[[DEBUG] 2026-02-01 22:43:51.750 [main] PackageRelationshipCollection - Parsing relationship: /xl/_rels/workbook.xml.rels
[DEBUG] 2026-02-01 22:43:51.752 [main] PackageRelationshipCollection - Parsing relationship: /_rels/.rels
[DEBUG] 2026-02-01 22:43:51.793 [main] PackageRelationshipCollection - Parsing relationship: /xl/_rels/workbook.xml.rels
[DEBUG] 2026-02-01 22:43:51.794 [main] PackageRelationshipCollection - Parsing relationship: /_rels/.rels
[DEBUG] 2026-02-01 22:43:51.814 [main] PackageRelationshipCollection - Parsing relationship: /xl/_rels/workbook.xml.rels
[DEBUG] 2026-02-01 22:43:51.817 [main] PackageRelationshipCollection - Parsing relationship: /_rels/.rels
[DEBUG] 2026-02-01 22:43:51.831 [main] PackageRelationshipCollection - Parsing relationship: /xl/_rels/workbook.xml.rels
[DEBUG] 2026-02-01 22:43:51.832 [main] PackageRelationshipCollection - Parsing relationship: /_rels/.rels
Name of test method started:testDeleteUser
.....testDeleteUser.....
HTTP/1.1 200 OK
Date: Sun, 01 Feb 2026 17:13:53 GMT
Content-Type: application/json
Transfer-Encoding: chunked
Connection: keep-alive
Access-Control-Allow-Origin: *
Access-Control-Allow-Methods: GET, POST, DELETE, PUT
Access-Control-Allow-Headers: Content-Type, api_key, Authorization
Server: Jetty(9.2.9.v20150224)

{
    "code": 200,
    "type": "unknown",
    "message": "user1"
}
[INFO ] 2026-02-01 22:43:53.969 [main] RestAssuredAutomationFramework - dataProvider user excuted
Name of test method sucessfully executed:testDeleteUser
]]></system-out>
  </testcase>
  <testcase name="testDeleteUser[user2](2)" classname="com.API.TestCases.UserTestDD" time="22.728">
    <system-out><![CDATA[Name of test method started:testDeleteUser
.....testDeleteUser.....
HTTP/1.1 200 OK
Date: Sun, 01 Feb 2026 17:14:16 GMT
Content-Type: application/json
Transfer-Encoding: chunked
Connection: keep-alive
Access-Control-Allow-Origin: *
Access-Control-Allow-Methods: GET, POST, DELETE, PUT
Access-Control-Allow-Headers: Content-Type, api_key, Authorization
Server: Jetty(9.2.9.v20150224)

{
    "code": 200,
    "type": "unknown",
    "message": "user2"
}
[INFO ] 2026-02-01 22:44:16.696 [main] RestAssuredAutomationFramework - dataProvider user excuted
Name of test method sucessfully executed:testDeleteUser
]]></system-out>
  </testcase>
  <testcase name="testDeleteUser[user3](3)" classname="com.API.TestCases.UserTestDD" time="1.747">
    <system-out><![CDATA[Name of test method started:testDeleteUser
.....testDeleteUser.....
HTTP/1.1 200 OK
Date: Sun, 01 Feb 2026 17:14:18 GMT
Content-Type: application/json
Transfer-Encoding: chunked
Connection: keep-alive
Access-Control-Allow-Origin: *
Access-Control-Allow-Methods: GET, POST, DELETE, PUT
Access-Control-Allow-Headers: Content-Type, api_key, Authorization
Server: Jetty(9.2.9.v20150224)

{
    "code": 200,
    "type": "unknown",
    "message": "user3"
}
[INFO ] 2026-02-01 22:44:18.448 [main] RestAssuredAutomationFramework - dataProvider user excuted
Name of test method sucessfully executed:testDeleteUser
]]></system-out>
  </testcase>
  <testcase name="testCreatUser" classname="com.API.TestCases.UserTest" time="1.582">
    <system-out><![CDATA[Name of test method started:testCreatUser
.....testCreatUser.....
HTTP/1.1 200 OK
Date: Sun, 01 Feb 2026 17:14:20 GMT
Content-Type: application/json
Transfer-Encoding: chunked
Connection: keep-alive
Access-Control-Allow-Origin: *
Access-Control-Allow-Methods: GET, POST, DELETE, PUT
Access-Control-Allow-Headers: Content-Type, api_key, Authorization
Server: Jetty(9.2.9.v20150224)

{
    "code": 200,
    "type": "unknown",
    "message": "56960427"
}
[INFO ] 2026-02-01 22:44:20.205 [main] RestAssuredAutomationFramework - Create user excuted UserEndPoints
Name of test method sucessfully executed:testCreatUser
]]></system-out>
  </testcase>
  <testcase name="testGetUserData" classname="com.API.TestCases.UserTest" time="2.105">
    <system-out><![CDATA[Name of test method started:testGetUserData
.....testGetUserData.....
HTTP/1.1 200 OK
Date: Sun, 01 Feb 2026 17:14:22 GMT
Content-Type: application/json
Transfer-Encoding: chunked
Connection: keep-alive
Access-Control-Allow-Origin: *
Access-Control-Allow-Methods: GET, POST, DELETE, PUT
Access-Control-Allow-Headers: Content-Type, api_key, Authorization
Server: Jetty(9.2.9.v20150224)

{
    "id": 56960427,
    "username": "rosendo.rice",
    "email": "norris.anderson@example.com",
    "password": "qt56d6xij",
    "phone": "1-902-482-4347",
    "userStatus": 0
}
[INFO ] 2026-02-01 22:44:22.320 [main] RestAssuredAutomationFramework - Get user Data UserEndPoints
Name of test method sucessfully executed:testGetUserData
]]></system-out>
  </testcase>
  <testcase name="testUpdateUser" classname="com.API.TestCases.UserTest" time="3.809">
    <system-out><![CDATA[Name of test method started:testUpdateUser
HTTP/1.1 200 OK
Date: Sun, 01 Feb 2026 17:14:23 GMT
Content-Type: application/json
Transfer-Encoding: chunked
Connection: keep-alive
Access-Control-Allow-Origin: *
Access-Control-Allow-Methods: GET, POST, DELETE, PUT
Access-Control-Allow-Headers: Content-Type, api_key, Authorization
Server: Jetty(9.2.9.v20150224)

{
    "code": 200,
    "type": "unknown",
    "message": "56960427"
}
.....After Update User Data.....
HTTP/1.1 200 OK
Date: Sun, 01 Feb 2026 17:14:25 GMT
Content-Type: application/json
Transfer-Encoding: chunked
Connection: keep-alive
Access-Control-Allow-Origin: *
Access-Control-Allow-Methods: GET, POST, DELETE, PUT
Access-Control-Allow-Headers: Content-Type, api_key, Authorization
Server: Jetty(9.2.9.v20150224)

{
    "id": 56960427,
    "username": "rosendo.rice",
    "email": "norris.anderson@example.com",
    "password": "qt56d6xij",
    "phone": "1-902-482-4347",
    "userStatus": 0
}
[INFO ] 2026-02-01 22:44:26.128 [main] RestAssuredAutomationFramework - Update user Data UserEndPoints
Name of test method sucessfully executed:testUpdateUser
]]></system-out>
  </testcase>
  <testcase name="testDeleteUser" classname="com.API.TestCases.UserTest" time="2.076">
    <system-out><![CDATA[Name of test method started:testDeleteUser
.....testDeleteUser.....
HTTP/1.1 200 OK
Date: Sun, 01 Feb 2026 17:14:27 GMT
Content-Type: application/json
Transfer-Encoding: chunked
Connection: keep-alive
Access-Control-Allow-Origin: *
Access-Control-Allow-Methods: GET, POST, DELETE, PUT
Access-Control-Allow-Headers: Content-Type, api_key, Authorization
Server: Jetty(9.2.9.v20150224)

{
    "code": 200,
    "type": "unknown",
    "message": "rosendo.rice"
}
[INFO ] 2026-02-01 22:44:28.209 [main] RestAssuredAutomationFramework - Deleted user Data UserEndPoints
Name of test method sucessfully executed:testDeleteUser
]]></system-out>
  </testcase>
</testsuite>