<?xml version="1.0" encoding="UTF-8"?>
<testng-results ignored="0" total="10" passed="10" failed="0" skipped="0">
  <reporter-output>
  </reporter-output>
  <suite started-at="2026-02-01T22:43:41 IST" name="Suite" finished-at="2026-02-01T22:44:28 IST" duration-ms="46689">
    <groups>
    </groups>
    <test started-at="2026-02-01T22:43:41 IST" name="Test" finished-at="2026-02-01T22:44:28 IST" duration-ms="46689">
      <class name="com.API.TestCases.UserTestDD">
        <test-method signature="testCreateUser(java.lang.String,java.lang.String,java.lang.String,java.lang.String,java.lang.String,java.lang.String,java.lang.String)[pri:1, instance:com.API.TestCases.UserTestDD@3d1848cc]" started-at="2026-02-01T22:43:43 IST" name="testCreateUser" data-provider="AllData" finished-at="2026-02-01T22:43:47 IST" duration-ms="4119" status="PASS">
          <params>
            <param index="0">
              <value>
                <![CDATA[]]>
              </value>
            </param>
            <param index="1">
              <value>
                <![CDATA[user1]]>
              </value>
            </param>
            <param index="2">
              <value>
                <![CDATA[Rita]]>
              </value>
            </param>
            <param index="3">
              <value>
                <![CDATA[Gupta]]>
              </value>
            </param>
            <param index="4">
              <value>
                <![CDATA[a@gmail.com]]>
              </value>
            </param>
            <param index="5">
              <value>
                <![CDATA[test@1]]>
              </value>
            </param>
            <param index="6">
              <value>
                <![CDATA[1234567897]]>
              </value>
            </param>
          </params>
          <reporter-output>
          </reporter-output>
        </test-method> <!-- testCreateUser -->
        <test-method signature="testCreateUser(java.lang.String,java.lang.String,java.lang.String,java.lang.String,java.lang.String,java.lang.String,java.lang.String)[pri:1, instance:com.API.TestCases.UserTestDD@3d1848cc]" started-at="2026-02-01T22:43:47 IST" name="testCreateUser" data-provider="AllData" finished-at="2026-02-01T22:43:49 IST" duration-ms="2301" status="PASS">
          <params>
            <param index="0">
              <value>
                <![CDATA[]]>
              </value>
            </param>
            <param index="1">
              <value>
                <![CDATA[user2]]>
              </value>
            </param>
            <param index="2">
              <value>
                <![CDATA[Radha]]>
              </value>
            </param>
            <param index="3">
              <value>
                <![CDATA[Jain]]>
              </value>
            </param>
            <param index="4">
              <value>
                <![CDATA[b@gmail.com]]>
              </value>
            </param>
            <param index="5">
              <value>
                <![CDATA[test@2]]>
              </value>
            </param>
            <param index="6">
              <value>
                <![CDATA[1234567897]]>
              </value>
            </param>
          </params>
          <reporter-output>
          </reporter-output>
        </test-method> <!-- testCreateUser -->
        <test-method signature="testCreateUser(java.lang.String,java.lang.String,java.lang.String,java.lang.String,java.lang.String,java.lang.String,java.lang.String)[pri:1, instance:com.API.TestCases.UserTestDD@3d1848cc]" started-at="2026-02-01T22:43:49 IST" name="testCreateUser" data-provider="AllData" finished-at="2026-02-01T22:43:51 IST" duration-ms="2066" status="PASS">
          <params>
            <param index="0">
              <value>
                <![CDATA[]]>
              </value>
            </param>
            <param index="1">
              <value>
                <![CDATA[user3]]>
              </value>
            </param>
            <param index="2">
              <value>
                <![CDATA[Smita]]>
              </value>
            </param>
            <param index="3">
              <value>
                <![CDATA[Pathak]]>
              </value>
            </param>
            <param index="4">
              <value>
                <![CDATA[c@gmail.com]]>
              </value>
            </param>
            <param index="5">
              <value>
                <![CDATA[test@3]]>
              </value>
            </param>
            <param index="6">
              <value>
                <![CDATA[1234567897]]>
              </value>
            </param>
          </params>
          <reporter-output>
          </reporter-output>
        </test-method> <!-- testCreateUser -->
        <test-method signature="testDeleteUser(java.lang.String)[pri:2, instance:com.API.TestCases.UserTestDD@3d1848cc]" started-at="2026-02-01T22:43:51 IST" name="testDeleteUser" data-provider="UserNamesData" finished-at="2026-02-01T22:43:53 IST" duration-ms="2125" status="PASS">
          <params>
            <param index="0">
              <value>
                <![CDATA[user1]]>
              </value>
            </param>
          </params>
          <reporter-output>
          </reporter-output>
        </test-method> <!-- testDeleteUser -->
        <test-method signature="testDeleteUser(java.lang.String)[pri:2, instance:com.API.TestCases.UserTestDD@3d1848cc]" started-at="2026-02-01T22:43:53 IST" name="testDeleteUser" data-provider="UserNamesData" finished-at="2026-02-01T22:44:16 IST" duration-ms="22725" status="PASS">
          <params>
            <param index="0">
              <value>
                <![CDATA[user2]]>
              </value>
            </param>
          </params>
          <reporter-output>
          </reporter-output>
        </test-method> <!-- testDeleteUser -->
        <test-method signature="testDeleteUser(java.lang.String)[pri:2, instance:com.API.TestCases.UserTestDD@3d1848cc]" started-at="2026-02-01T22:44:16 IST" name="testDeleteUser" data-provider="UserNamesData" finished-at="2026-02-01T22:44:18 IST" duration-ms="1750" status="PASS">
          <params>
            <param index="0">
              <value>
                <![CDATA[user3]]>
              </value>
            </param>
          </params>
          <reporter-output>
          </reporter-output>
        </test-method> <!-- testDeleteUser -->
      </class> <!-- com.API.TestCases.UserTestDD -->
      <class name="com.API.TestCases.UserTest">
        <test-method is-config="true" signature="generateTestData()[pri:0, instance:com.API.TestCases.UserTest@5a18cd76]" started-at="2026-02-01T22:44:18 IST" name="generateTestData" finished-at="2026-02-01T22:44:18 IST" duration-ms="182" status="PASS">
          <reporter-output>
          </reporter-output>
        </test-method> <!-- generateTestData -->
        <test-method signature="testCreatUser()[pri:1, instance:com.API.TestCases.UserTest@5a18cd76]" started-at="2026-02-01T22:44:18 IST" name="testCreatUser" finished-at="2026-02-01T22:44:20 IST" duration-ms="1572" status="PASS">
          <reporter-output>
          </reporter-output>
        </test-method> <!-- testCreatUser -->
        <test-method signature="testGetUserData()[pri:2, instance:com.API.TestCases.UserTest@5a18cd76]" started-at="2026-02-01T22:44:20 IST" name="testGetUserData" finished-at="2026-02-01T22:44:22 IST" duration-ms="2111" status="PASS">
          <reporter-output>
          </reporter-output>
        </test-method> <!-- testGetUserData -->
        <test-method signature="testUpdateUser()[pri:3, instance:com.API.TestCases.UserTest@5a18cd76]" started-at="2026-02-01T22:44:22 IST" name="testUpdateUser" finished-at="2026-02-01T22:44:26 IST" duration-ms="3805" status="PASS">
          <reporter-output>
          </reporter-output>
        </test-method> <!-- testUpdateUser -->
        <test-method signature="testDeleteUser()[pri:4, instance:com.API.TestCases.UserTest@5a18cd76]" started-at="2026-02-01T22:44:26 IST" name="testDeleteUser" finished-at="2026-02-01T22:44:28 IST" duration-ms="2078" status="PASS">
          <reporter-output>
          </reporter-output>
        </test-method> <!-- testDeleteUser -->
      </class> <!-- com.API.TestCases.UserTest -->
    </test> <!-- Test -->
  </suite> <!-- Suite -->
</testng-results>
