<?xml version="1.0" encoding="UTF-8"?>
<testng-results ignored="0" total="10" passed="10" failed="0" skipped="0">
  <reporter-output>
  </reporter-output>
  <suite started-at="2026-02-01T22:22:09 IST" name="Suite" finished-at="2026-02-01T22:22:36 IST" duration-ms="26530">
    <groups>
    </groups>
    <test started-at="2026-02-01T22:22:09 IST" name="Test" finished-at="2026-02-01T22:22:36 IST" duration-ms="26530">
      <class name="com.API.TestCases.UserTestDD">
        <test-method signature="testCreateUser(java.lang.String,java.lang.String,java.lang.String,java.lang.String,java.lang.String,java.lang.String,java.lang.String)[pri:1, instance:com.API.TestCases.UserTestDD@53142455]" started-at="2026-02-01T22:22:12 IST" name="testCreateUser" data-provider="AllData" finished-at="2026-02-01T22:22:17 IST" duration-ms="5131" status="PASS">
          <params>
            <param index="0">
              <value>
                <![CDATA[]]>
              </value>
            </param>
            <param index="1">
              <value>
                <![CDATA[user1]]>
              </value>
            </param>
            <param index="2">
              <value>
                <![CDATA[Rita]]>
              </value>
            </param>
            <param index="3">
              <value>
                <![CDATA[Gupta]]>
              </value>
            </param>
            <param index="4">
              <value>
                <![CDATA[a@gmail.com]]>
              </value>
            </param>
            <param index="5">
              <value>
                <![CDATA[test@1]]>
              </value>
            </param>
            <param index="6">
              <value>
                <![CDATA[1234567897]]>
              </value>
            </param>
          </params>
          <reporter-output>
          </reporter-output>
        </test-method> <!-- testCreateUser -->
        <test-method signature="testCreateUser(java.lang.String,java.lang.String,java.lang.String,java.lang.String,java.lang.String,java.lang.String,java.lang.String)[pri:1, instance:com.API.TestCases.UserTestDD@53142455]" started-at="2026-02-01T22:22:17 IST" name="testCreateUser" data-provider="AllData" finished-at="2026-02-01T22:22:19 IST" duration-ms="1791" status="PASS">
          <params>
            <param index="0">
              <value>
                <![CDATA[]]>
              </value>
            </param>
            <param index="1">
              <value>
                <![CDATA[user2]]>
              </value>
            </param>
            <param index="2">
              <value>
                <![CDATA[Radha]]>
              </value>
            </param>
            <param index="3">
              <value>
                <![CDATA[Jain]]>
              </value>
            </param>
            <param index="4">
              <value>
                <![CDATA[b@gmail.com]]>
              </value>
            </param>
            <param index="5">
              <value>
                <![CDATA[test@2]]>
              </value>
            </param>
            <param index="6">
              <value>
                <![CDATA[1234567897]]>
              </value>
            </param>
          </params>
          <reporter-output>
          </reporter-output>
        </test-method> <!-- testCreateUser -->
        <test-method signature="testCreateUser(java.lang.String,java.lang.String,java.lang.String,java.lang.String,java.lang.String,java.lang.String,java.lang.String)[pri:1, instance:com.API.TestCases.UserTestDD@53142455]" started-at="2026-02-01T22:22:19 IST" name="testCreateUser" data-provider="AllData" finished-at="2026-02-01T22:22:21 IST" duration-ms="1725" status="PASS">
          <params>
            <param index="0">
              <value>
                <![CDATA[]]>
              </value>
            </param>
            <param index="1">
              <value>
                <![CDATA[user3]]>
              </value>
            </param>
            <param index="2">
              <value>
                <![CDATA[Smita]]>
              </value>
            </param>
            <param index="3">
              <value>
                <![CDATA[Pathak]]>
              </value>
            </param>
            <param index="4">
              <value>
                <![CDATA[c@gmail.com]]>
              </value>
            </param>
            <param index="5">
              <value>
                <![CDATA[test@3]]>
              </value>
            </param>
            <param index="6">
              <value>
                <![CDATA[1234567897]]>
              </value>
            </param>
          </params>
          <reporter-output>
          </reporter-output>
        </test-method> <!-- testCreateUser -->
        <test-method signature="testDeleteUser(java.lang.String)[pri:2, instance:com.API.TestCases.UserTestDD@53142455]" started-at="2026-02-01T22:22:21 IST" name="testDeleteUser" data-provider="UserNamesData" finished-at="2026-02-01T22:22:22 IST" duration-ms="1573" status="PASS">
          <params>
            <param index="0">
              <value>
                <![CDATA[user1]]>
              </value>
            </param>
          </params>
          <reporter-output>
          </reporter-output>
        </test-method> <!-- testDeleteUser -->
        <test-method signature="testDeleteUser(java.lang.String)[pri:2, instance:com.API.TestCases.UserTestDD@53142455]" started-at="2026-02-01T22:22:22 IST" name="testDeleteUser" data-provider="UserNamesData" finished-at="2026-02-01T22:22:24 IST" duration-ms="1711" status="PASS">
          <params>
            <param index="0">
              <value>
                <![CDATA[user2]]>
              </value>
            </param>
          </params>
          <reporter-output>
          </reporter-output>
        </test-method> <!-- testDeleteUser -->
        <test-method signature="testDeleteUser(java.lang.String)[pri:2, instance:com.API.TestCases.UserTestDD@53142455]" started-at="2026-02-01T22:22:24 IST" name="testDeleteUser" data-provider="UserNamesData" finished-at="2026-02-01T22:22:26 IST" duration-ms="1864" status="PASS">
          <params>
            <param index="0">
              <value>
                <![CDATA[user3]]>
              </value>
            </param>
          </params>
          <reporter-output>
          </reporter-output>
        </test-method> <!-- testDeleteUser -->
      </class> <!-- com.API.TestCases.UserTestDD -->
      <class name="com.API.TestCases.UserTest">
        <test-method is-config="true" signature="generateTestData()[pri:0, instance:com.API.TestCases.UserTest@544820b7]" started-at="2026-02-01T22:22:26 IST" name="generateTestData" finished-at="2026-02-01T22:22:26 IST" duration-ms="571" status="PASS">
          <reporter-output>
          </reporter-output>
        </test-method> <!-- generateTestData -->
        <test-method signature="testCreatUser()[pri:1, instance:com.API.TestCases.UserTest@544820b7]" started-at="2026-02-01T22:22:26 IST" name="testCreatUser" finished-at="2026-02-01T22:22:28 IST" duration-ms="1784" status="PASS">
          <reporter-output>
          </reporter-output>
        </test-method> <!-- testCreatUser -->
        <test-method signature="testGetUserData()[pri:2, instance:com.API.TestCases.UserTest@544820b7]" started-at="2026-02-01T22:22:28 IST" name="testGetUserData" finished-at="2026-02-01T22:22:30 IST" duration-ms="1911" status="PASS">
          <reporter-output>
          </reporter-output>
        </test-method> <!-- testGetUserData -->
        <test-method signature="testUpdateUser()[pri:3, instance:com.API.TestCases.UserTest@544820b7]" started-at="2026-02-01T22:22:30 IST" name="testUpdateUser" finished-at="2026-02-01T22:22:34 IST" duration-ms="3827" status="PASS">
          <reporter-output>
          </reporter-output>
        </test-method> <!-- testUpdateUser -->
        <test-method signature="testDeleteUser()[pri:4, instance:com.API.TestCases.UserTest@544820b7]" started-at="2026-02-01T22:22:34 IST" name="testDeleteUser" finished-at="2026-02-01T22:22:36 IST" duration-ms="1911" status="PASS">
          <reporter-output>
          </reporter-output>
        </test-method> <!-- testDeleteUser -->
      </class> <!-- com.API.TestCases.UserTest -->
    </test> <!-- Test -->
  </suite> <!-- Suite -->
</testng-results>
