<?xml version="1.0" encoding="UTF-8"?>
<!-- Generated by org.testng.reporters.JUnitReportReporter -->
<testsuite hostname="DESKTOP-TJ88L6B" failures="0" tests="6" name="com.API.TestCases.UserTestDD" time="13.795" errors="0" timestamp="2026-02-01T22:22:37 IST" skipped="0">
  <testcase classname="com.API.TestCases.UserTestDD" name="testCreateUser" time="1.725"/>
  <system-out/>
  <testcase classname="com.API.TestCases.UserTestDD" name="testCreateUser" time="5.131"/>
  <system-out/>
  <testcase classname="com.API.TestCases.UserTestDD" name="testCreateUser" time="1.791"/>
  <system-out/>
  <testcase classname="com.API.TestCases.UserTestDD" name="testDeleteUser" time="1.864"/>
  <system-out/>
  <testcase classname="com.API.TestCases.UserTestDD" name="testDeleteUser" time="1.573"/>
  <system-out/>
  <testcase classname="com.API.TestCases.UserTestDD" name="testDeleteUser" time="1.711"/>
  <system-out/>
</testsuite> <!-- com.API.TestCases.UserTestDD -->
