<?xml version="1.0" encoding="UTF-8"?>
<!-- Generated by org.testng.reporters.JUnitReportReporter -->
<testsuite hostname="DESKTOP-TJ88L6B" failures="0" tests="6" name="com.API.TestCases.UserTestDD" time="35.086" errors="0" timestamp="2026-02-01T22:44:28 IST" skipped="0">
  <testcase classname="com.API.TestCases.UserTestDD" name="testCreateUser" time="4.119"/>
  <system-out/>
  <testcase classname="com.API.TestCases.UserTestDD" name="testCreateUser" time="2.066"/>
  <system-out/>
  <testcase classname="com.API.TestCases.UserTestDD" name="testCreateUser" time="2.301"/>
  <system-out/>
  <testcase classname="com.API.TestCases.UserTestDD" name="testDeleteUser" time="22.725"/>
  <system-out/>
  <testcase classname="com.API.TestCases.UserTestDD" name="testDeleteUser" time="2.125"/>
  <system-out/>
  <testcase classname="com.API.TestCases.UserTestDD" name="testDeleteUser" time="1.750"/>
  <system-out/>
</testsuite> <!-- com.API.TestCases.UserTestDD -->
