<?xml version="1.0" encoding="UTF-8"?>
<!-- Generated by org.testng.reporters.JUnitReportReporter -->
<testsuite hostname="DESKTOP-TJ88L6B" failures="0" tests="4" name="com.API.TestCases.UserTest" time="9.566" errors="0" timestamp="2026-02-01T22:44:28 IST" skipped="0">
  <testcase classname="com.API.TestCases.UserTest" name="testCreatUser" time="1.572"/>
  <system-out/>
  <testcase classname="com.API.TestCases.UserTest" name="testGetUserData" time="2.111"/>
  <system-out/>
  <testcase classname="com.API.TestCases.UserTest" name="testUpdateUser" time="3.805"/>
  <system-out/>
  <testcase classname="com.API.TestCases.UserTest" name="testDeleteUser" time="2.078"/>
  <system-out/>
</testsuite> <!-- com.API.TestCases.UserTest -->
